2024/12/18 15:40:29 DEB [path 41574336307958053922] created
2024/12/18 15:40:29 DEB [path 41574336307958053922] A request has been sent to receive CodeMP_Contract
2024/12/18 15:40:29 DEB [path 41574336307958053922] response received from GRPS: 198220968
2024/12/18 15:40:29 INF [path 41574336307958053922] [recorder] recording 1 track (H264)
2024/12/18 15:40:29 DEB [path 41574336307958053922] [recorder] sending a request to receive disks
2024/12/18 15:40:29 DEB [path 41574336307958053922] [recorder] The result of executing the query: map[/media/anton/Tom/video:5 /media/anton/Tom2/video:5]
2024/12/18 15:40:29 DEB [path 41574336307958053922] [recorder] creating segment /media/anton/Tom2/video/cctv/198220968/41574336307958053922/2024-12-18/41574336307958053922-1734525629-730325.ts
2024/12/18 15:40:43 DEB [path 41574336307958053922] [recorder] closing segment /media/anton/Tom2/video/cctv/198220968/41574336307958053922/2024-12-18/41574336307958053922-1734525629-730325.ts
2024/12/18 15:40:43 DEB [path 41574336307958053922] [recorder] Sending an insert request to RMS:Server l3, atribute stream, query (41574336307958053922,'/media/anton/Tom2/video/cctv/198220968/41574336307958053922/2024-12-18/','41574336307958053922-1734525629-730325.ts','2024-12-18 15:40:29','1230084','2024-12-18 15:40:43','5')
2024/12/18 15:40:43 DEB [path 41574336307958053922] [recorder] The request was successfully completed
2024/12/18 15:40:43 DEB [path 41574336307958053922] [recorder] sending a request to receive disks
2024/12/18 15:40:43 DEB [path 41574336307958053922] [recorder] The result of executing the query: map[/media/anton/Tom/video:5 /media/anton/Tom2/video:5]
2024/12/18 15:40:43 DEB [path 41574336307958053922] [recorder] creating segment /media/anton/Tom/video/cctv/198220968/41574336307958053922/2024-12-18/41574336307958053922-1734525643-367230.ts
2024/12/18 15:40:58 DEB [path 41574336307958053922] [recorder] closing segment /media/anton/Tom/video/cctv/198220968/41574336307958053922/2024-12-18/41574336307958053922-1734525643-367230.ts
2024/12/18 15:40:58 DEB [path 41574336307958053922] [recorder] Sending an insert request to RMS:Server l3, atribute stream, query (41574336307958053922,'/media/anton/Tom/video/cctv/198220968/41574336307958053922/2024-12-18/','41574336307958053922-1734525643-367230.ts','2024-12-18 15:40:43','1306788','2024-12-18 15:40:58','5')
2024/12/18 15:40:58 DEB [path 41574336307958053922] [recorder] The request was successfully completed
2024/12/18 15:40:59 DEB [path 41574336307958053922] [recorder] sending a request to receive disks
2024/12/18 15:41:00 DEB [path 41574336307958053922] [recorder] The result of executing the query: map[/media/anton/Tom/video:5 /media/anton/Tom2/video:5]
2024/12/18 15:41:00 DEB [path 41574336307958053922] [recorder] creating segment /media/anton/Tom2/video/cctv/198220968/41574336307958053922/2024-12-18/41574336307958053922-1734525658-764619.ts
2024/12/18 15:41:14 DEB [path 41574336307958053922] [recorder] closing segment /media/anton/Tom2/video/cctv/198220968/41574336307958053922/2024-12-18/41574336307958053922-1734525658-764619.ts
2024/12/18 15:41:14 DEB [path 41574336307958053922] [recorder] Sending an insert request to RMS:Server l3, atribute stream, query (41574336307958053922,'/media/anton/Tom2/video/cctv/198220968/41574336307958053922/2024-12-18/','41574336307958053922-1734525658-764619.ts','2024-12-18 15:40:58','1319196','2024-12-18 15:41:14','5')
2024/12/18 15:41:14 DEB [path 41574336307958053922] [recorder] The request was successfully completed
2024/12/18 15:41:14 DEB [path 41574336307958053922] [recorder] sending a request to receive disks
2024/12/18 15:41:14 DEB [path 41574336307958053922] [recorder] The result of executing the query: map[/media/anton/Tom/video:5 /media/anton/Tom2/video:5]
2024/12/18 15:41:14 DEB [path 41574336307958053922] [recorder] creating segment /media/anton/Tom/video/cctv/198220968/41574336307958053922/2024-12-18/41574336307958053922-1734525674-756590.ts
2024/12/18 15:41:30 DEB [path 41574336307958053922] [recorder] closing segment /media/anton/Tom/video/cctv/198220968/41574336307958053922/2024-12-18/41574336307958053922-1734525674-756590.ts
2024/12/18 15:41:30 DEB [path 41574336307958053922] [recorder] Sending an insert request to RMS:Server l3, atribute stream, query (41574336307958053922,'/media/anton/Tom/video/cctv/198220968/41574336307958053922/2024-12-18/','41574336307958053922-1734525674-756590.ts','2024-12-18 15:41:14','1305660','2024-12-18 15:41:30','5')
2024/12/18 15:41:30 DEB [path 41574336307958053922] [recorder] The request was successfully completed
2024/12/18 15:41:30 DEB [path 41574336307958053922] [recorder] sending a request to receive disks
2024/12/18 15:41:30 DEB [path 41574336307958053922] [recorder] The result of executing the query: map[/media/anton/Tom/video:5 /media/anton/Tom2/video:5]
2024/12/18 15:41:30 DEB [path 41574336307958053922] [recorder] creating segment /media/anton/Tom2/video/cctv/198220968/41574336307958053922/2024-12-18/41574336307958053922-1734525690-748815.ts
2024/12/18 15:41:47 DEB [path 41574336307958053922] [recorder] closing segment /media/anton/Tom2/video/cctv/198220968/41574336307958053922/2024-12-18/41574336307958053922-1734525690-748815.ts
2024/12/18 15:41:47 DEB [path 41574336307958053922] [recorder] Sending an insert request to RMS:Server l3, atribute stream, query (41574336307958053922,'/media/anton/Tom2/video/cctv/198220968/41574336307958053922/2024-12-18/','41574336307958053922-1734525690-748815.ts','2024-12-18 15:41:30','1321076','2024-12-18 15:41:47','5')
2024/12/18 15:41:47 DEB [path 41574336307958053922] [recorder] The request was successfully completed
2024/12/18 15:41:47 DEB [path 41574336307958053922] [recorder] sending a request to receive disks
2024/12/18 15:41:47 DEB [path 41574336307958053922] [recorder] The result of executing the query: map[/media/anton/Tom/video:5 /media/anton/Tom2/video:5]
2024/12/18 15:41:47 DEB [path 41574336307958053922] [recorder] creating segment /media/anton/Tom/video/cctv/198220968/41574336307958053922/2024-12-18/41574336307958053922-1734525707-468551.ts
2024/12/18 15:42:03 DEB [path 41574336307958053922] [recorder] closing segment /media/anton/Tom/video/cctv/198220968/41574336307958053922/2024-12-18/41574336307958053922-1734525707-468551.ts
2024/12/18 15:42:03 DEB [path 41574336307958053922] [recorder] Sending an insert request to RMS:Server l3, atribute stream, query (41574336307958053922,'/media/anton/Tom/video/cctv/198220968/41574336307958053922/2024-12-18/','41574336307958053922-1734525707-468551.ts','2024-12-18 15:41:47','1295508','2024-12-18 15:42:03','5')
2024/12/18 15:42:03 DEB [path 41574336307958053922] [recorder] The request was successfully completed
2024/12/18 15:42:03 DEB [path 41574336307958053922] [recorder] sending a request to receive disks
2024/12/18 15:42:03 DEB [path 41574336307958053922] [recorder] The result of executing the query: map[/media/anton/Tom/video:5 /media/anton/Tom2/video:5]
2024/12/18 15:42:03 DEB [path 41574336307958053922] [recorder] creating segment /media/anton/Tom2/video/cctv/198220968/41574336307958053922/2024-12-18/41574336307958053922-1734525723-314570.ts
2024/12/18 15:42:19 DEB [path 41574336307958053922] [recorder] closing segment /media/anton/Tom2/video/cctv/198220968/41574336307958053922/2024-12-18/41574336307958053922-1734525723-314570.ts
2024/12/18 15:42:19 DEB [path 41574336307958053922] [recorder] Sending an insert request to RMS:Server l3, atribute stream, query (41574336307958053922,'/media/anton/Tom2/video/cctv/198220968/41574336307958053922/2024-12-18/','41574336307958053922-1734525723-314570.ts','2024-12-18 15:42:03','1227452','2024-12-18 15:42:19','5')
2024/12/18 15:42:19 DEB [path 41574336307958053922] [recorder] The request was successfully completed
2024/12/18 15:42:19 DEB [path 41574336307958053922] [recorder] sending a request to receive disks
2024/12/18 15:42:19 DEB [path 41574336307958053922] [recorder] The result of executing the query: map[/media/anton/Tom/video:5 /media/anton/Tom2/video:5]
2024/12/18 15:42:19 DEB [path 41574336307958053922] [recorder] creating segment /media/anton/Tom/video/cctv/198220968/41574336307958053922/2024-12-18/41574336307958053922-1734525739-013413.ts
2024/12/18 15:42:33 DEB [path 41574336307958053922] [recorder] closing segment /media/anton/Tom/video/cctv/198220968/41574336307958053922/2024-12-18/41574336307958053922-1734525739-013413.ts
2024/12/18 15:42:33 DEB [path 41574336307958053922] [recorder] Sending an insert request to RMS:Server l3, atribute stream, query (41574336307958053922,'/media/anton/Tom/video/cctv/198220968/41574336307958053922/2024-12-18/','41574336307958053922-1734525739-013413.ts','2024-12-18 15:42:19','1174812','2024-12-18 15:42:33','5')
2024/12/18 15:42:33 DEB [path 41574336307958053922] [recorder] The request was successfully completed
2024/12/18 15:42:33 DEB [path 41574336307958053922] [recorder] sending a request to receive disks
2024/12/18 15:42:33 DEB [path 41574336307958053922] [recorder] The result of executing the query: map[/media/anton/Tom/video:5 /media/anton/Tom2/video:5]
2024/12/18 15:42:33 DEB [path 41574336307958053922] [recorder] creating segment /media/anton/Tom2/video/cctv/198220968/41574336307958053922/2024-12-18/41574336307958053922-1734525753-712976.ts
2024/12/18 15:42:49 DEB [path 41574336307958053922] [recorder] closing segment /media/anton/Tom2/video/cctv/198220968/41574336307958053922/2024-12-18/41574336307958053922-1734525753-712976.ts
2024/12/18 15:42:49 DEB [path 41574336307958053922] [recorder] Sending an insert request to RMS:Server l3, atribute stream, query (41574336307958053922,'/media/anton/Tom2/video/cctv/198220968/41574336307958053922/2024-12-18/','41574336307958053922-1734525753-712976.ts','2024-12-18 15:42:33','1312240','2024-12-18 15:42:49','5')
2024/12/18 15:42:49 DEB [path 41574336307958053922] [recorder] The request was successfully completed
2024/12/18 15:42:50 DEB [path 41574336307958053922] [recorder] sending a request to receive disks
2024/12/18 15:42:50 DEB [path 41574336307958053922] [recorder] The result of executing the query: map[/media/anton/Tom/video:5 /media/anton/Tom2/video:5]
2024/12/18 15:42:50 DEB [path 41574336307958053922] [recorder] creating segment /media/anton/Tom/video/cctv/198220968/41574336307958053922/2024-12-18/41574336307958053922-1734525769-744805.ts
2024/12/18 15:43:04 DEB [path 41574336307958053922] [recorder] closing segment /media/anton/Tom/video/cctv/198220968/41574336307958053922/2024-12-18/41574336307958053922-1734525769-744805.ts
2024/12/18 15:43:04 DEB [path 41574336307958053922] [recorder] Sending an insert request to RMS:Server l3, atribute stream, query (41574336307958053922,'/media/anton/Tom/video/cctv/198220968/41574336307958053922/2024-12-18/','41574336307958053922-1734525769-744805.ts','2024-12-18 15:42:49','1235348','2024-12-18 15:43:04','5')
2024/12/18 15:43:04 DEB [path 41574336307958053922] [recorder] The request was successfully completed
2024/12/18 15:43:04 DEB [path 41574336307958053922] [recorder] sending a request to receive disks
2024/12/18 15:43:04 DEB [path 41574336307958053922] [recorder] The result of executing the query: map[/media/anton/Tom/video:5 /media/anton/Tom2/video:5]
2024/12/18 15:43:04 DEB [path 41574336307958053922] [recorder] creating segment /media/anton/Tom/video/cctv/198220968/41574336307958053922/2024-12-18/41574336307958053922-1734525784-732714.ts
2024/12/18 15:43:21 DEB [path 41574336307958053922] [recorder] closing segment /media/anton/Tom/video/cctv/198220968/41574336307958053922/2024-12-18/41574336307958053922-1734525784-732714.ts
2024/12/18 15:43:21 DEB [path 41574336307958053922] [recorder] Sending an insert request to RMS:Server l3, atribute stream, query (41574336307958053922,'/media/anton/Tom/video/cctv/198220968/41574336307958053922/2024-12-18/','41574336307958053922-1734525784-732714.ts','2024-12-18 15:43:04','1309608','2024-12-18 15:43:21','5')
2024/12/18 15:43:21 DEB [path 41574336307958053922] [recorder] The request was successfully completed
2024/12/18 15:43:21 DEB [path 41574336307958053922] [recorder] sending a request to receive disks
2024/12/18 15:43:21 DEB [path 41574336307958053922] [recorder] The result of executing the query: map[/media/anton/Tom/video:5 /media/anton/Tom2/video:5]
2024/12/18 15:43:21 DEB [path 41574336307958053922] [recorder] creating segment /media/anton/Tom2/video/cctv/198220968/41574336307958053922/2024-12-18/41574336307958053922-1734525801-635520.ts
2024/12/18 15:43:35 DEB [path 41574336307958053922] [recorder] closing segment /media/anton/Tom2/video/cctv/198220968/41574336307958053922/2024-12-18/41574336307958053922-1734525801-635520.ts
2024/12/18 15:43:35 DEB [path 41574336307958053922] [recorder] Sending an insert request to RMS:Server l3, atribute stream, query (41574336307958053922,'/media/anton/Tom2/video/cctv/198220968/41574336307958053922/2024-12-18/','41574336307958053922-1734525801-635520.ts','2024-12-18 15:43:21','1221060','2024-12-18 15:43:35','5')
2024/12/18 15:43:35 DEB [path 41574336307958053922] [recorder] The request was successfully completed
2024/12/18 15:43:35 DEB [path 41574336307958053922] [recorder] sending a request to receive disks
2024/12/18 15:43:35 DEB [path 41574336307958053922] [recorder] The result of executing the query: map[/media/anton/Tom/video:5 /media/anton/Tom2/video:5]
2024/12/18 15:43:35 DEB [path 41574336307958053922] [recorder] creating segment /media/anton/Tom2/video/cctv/198220968/41574336307958053922/2024-12-18/41574336307958053922-1734525815-732825.ts
2024/12/18 15:43:51 DEB [path 41574336307958053922] [recorder] closing segment /media/anton/Tom2/video/cctv/198220968/41574336307958053922/2024-12-18/41574336307958053922-1734525815-732825.ts
2024/12/18 15:43:51 DEB [path 41574336307958053922] [recorder] Sending an insert request to RMS:Server l3, atribute stream, query (41574336307958053922,'/media/anton/Tom2/video/cctv/198220968/41574336307958053922/2024-12-18/','41574336307958053922-1734525815-732825.ts','2024-12-18 15:43:35','1233844','2024-12-18 15:43:51','5')
2024/12/18 15:43:51 DEB [path 41574336307958053922] [recorder] The request was successfully completed
2024/12/18 15:43:51 DEB [path 41574336307958053922] [recorder] sending a request to receive disks
2024/12/18 15:43:51 DEB [path 41574336307958053922] [recorder] The result of executing the query: map[/media/anton/Tom/video:5 /media/anton/Tom2/video:5]
2024/12/18 15:43:51 DEB [path 41574336307958053922] [recorder] creating segment /media/anton/Tom/video/cctv/198220968/41574336307958053922/2024-12-18/41574336307958053922-1734525831-720251.ts
2024/12/18 15:44:07 DEB [path 41574336307958053922] [recorder] closing segment /media/anton/Tom/video/cctv/198220968/41574336307958053922/2024-12-18/41574336307958053922-1734525831-720251.ts
2024/12/18 15:44:07 DEB [path 41574336307958053922] [recorder] Sending an insert request to RMS:Server l3, atribute stream, query (41574336307958053922,'/media/anton/Tom/video/cctv/198220968/41574336307958053922/2024-12-18/','41574336307958053922-1734525831-720251.ts','2024-12-18 15:43:51','1311112','2024-12-18 15:44:07','5')
2024/12/18 15:44:07 DEB [path 41574336307958053922] [recorder] The request was successfully completed
2024/12/18 15:44:07 DEB [path 41574336307958053922] [recorder] sending a request to receive disks
2024/12/18 15:44:07 DEB [path 41574336307958053922] [recorder] The result of executing the query: map[/media/anton/Tom/video:5 /media/anton/Tom2/video:5]
2024/12/18 15:44:07 DEB [path 41574336307958053922] [recorder] creating segment /media/anton/Tom2/video/cctv/198220968/41574336307958053922/2024-12-18/41574336307958053922-1734525847-683093.ts
2024/12/18 15:44:21 DEB [path 41574336307958053922] [recorder] closing segment /media/anton/Tom2/video/cctv/198220968/41574336307958053922/2024-12-18/41574336307958053922-1734525847-683093.ts
2024/12/18 15:44:21 DEB [path 41574336307958053922] [recorder] Sending an insert request to RMS:Server l3, atribute stream, query (41574336307958053922,'/media/anton/Tom2/video/cctv/198220968/41574336307958053922/2024-12-18/','41574336307958053922-1734525847-683093.ts','2024-12-18 15:44:07','1229520','2024-12-18 15:44:21','5')
2024/12/18 15:44:21 DEB [path 41574336307958053922] [recorder] The request was successfully completed
2024/12/18 15:44:21 DEB [path 41574336307958053922] [recorder] sending a request to receive disks
2024/12/18 15:44:21 DEB [path 41574336307958053922] [recorder] The result of executing the query: map[/media/anton/Tom/video:5 /media/anton/Tom2/video:5]
2024/12/18 15:44:21 DEB [path 41574336307958053922] [recorder] creating segment /media/anton/Tom/video/cctv/198220968/41574336307958053922/2024-12-18/41574336307958053922-1734525861-744359.ts
2024/12/18 15:44:37 DEB [path 41574336307958053922] [recorder] closing segment /media/anton/Tom/video/cctv/198220968/41574336307958053922/2024-12-18/41574336307958053922-1734525861-744359.ts
2024/12/18 15:44:37 DEB [path 41574336307958053922] [recorder] Sending an insert request to RMS:Server l3, atribute stream, query (41574336307958053922,'/media/anton/Tom/video/cctv/198220968/41574336307958053922/2024-12-18/','41574336307958053922-1734525861-744359.ts','2024-12-18 15:44:21','1301336','2024-12-18 15:44:37','5')
2024/12/18 15:44:37 DEB [path 41574336307958053922] [recorder] The request was successfully completed
2024/12/18 15:44:38 DEB [path 41574336307958053922] [recorder] sending a request to receive disks
2024/12/18 15:44:38 DEB [path 41574336307958053922] [recorder] The result of executing the query: map[/media/anton/Tom/video:5 /media/anton/Tom2/video:5]
2024/12/18 15:44:38 DEB [path 41574336307958053922] [recorder] creating segment /media/anton/Tom2/video/cctv/198220968/41574336307958053922/2024-12-18/41574336307958053922-1734525877-741344.ts
2024/12/18 15:44:52 DEB [path 41574336307958053922] [recorder] closing segment /media/anton/Tom2/video/cctv/198220968/41574336307958053922/2024-12-18/41574336307958053922-1734525877-741344.ts
2024/12/18 15:44:52 DEB [path 41574336307958053922] [recorder] Sending an insert request to RMS:Server l3, atribute stream, query (41574336307958053922,'/media/anton/Tom2/video/cctv/198220968/41574336307958053922/2024-12-18/','41574336307958053922-1734525877-741344.ts','2024-12-18 15:44:37','1238356','2024-12-18 15:44:52','5')
2024/12/18 15:44:52 DEB [path 41574336307958053922] [recorder] The request was successfully completed
2024/12/18 15:44:53 DEB [path 41574336307958053922] [recorder] sending a request to receive disks
2024/12/18 15:44:53 DEB [path 41574336307958053922] [recorder] The result of executing the query: map[/media/anton/Tom/video:5 /media/anton/Tom2/video:5]
2024/12/18 15:44:53 DEB [path 41574336307958053922] [recorder] creating segment /media/anton/Tom/video/cctv/198220968/41574336307958053922/2024-12-18/41574336307958053922-1734525892-724535.ts
2024/12/18 15:45:03 INF [path 41574336307958053922] [recorder] recording stopped
2024/12/18 15:45:03 DEB [path 41574336307958053922] [recorder] closing segment /media/anton/Tom/video/cctv/198220968/41574336307958053922/2024-12-18/41574336307958053922-1734525892-724535.ts
2024/12/18 15:45:03 DEB [path 41574336307958053922] [recorder] Sending an insert request to RMS:Server l3, atribute stream, query (41574336307958053922,'/media/anton/Tom/video/cctv/198220968/41574336307958053922/2024-12-18/','41574336307958053922-1734525892-724535.ts','2024-12-18 15:44:52','902024','2024-12-18 15:45:03','5')
2024/12/18 15:45:03 DEB [path 41574336307958053922] [recorder] The request was successfully completed
2024/12/18 15:45:03 DEB [path 41574336307958053922] destroyed: terminated
